<?xml version="1.0" encoding="UTF-8"?>
<testng-results skipped="1" failed="0" total="14" passed="13">
  <reporter-output>
  </reporter-output>
  <suite name="webdriveruniversity.com" duration-ms="27233" started-at="2020-11-28T07:37:37Z" finished-at="2020-11-28T07:38:04Z">
    <groups>
    </groups>
    <test name="Login cases" duration-ms="5919" started-at="2020-11-28T07:37:37Z" finished-at="2020-11-28T07:37:43Z">
      <class name="com.webdriveruniversity.index.LoginCases">
        <test-method status="PASS" signature="ClickLoginButton()[pri:0, instance:com.webdriveruniversity.index.LoginCases@61832929]" name="ClickLoginButton" duration-ms="426" started-at="2020-11-28T13:07:37Z" finished-at="2020-11-28T13:07:38Z">
          <reporter-output>
          </reporter-output>
        </test-method> <!-- ClickLoginButton -->
        <test-method status="PASS" signature="CorrectUsername(java.lang.String, java.lang.String)[pri:1, instance:com.webdriveruniversity.index.LoginCases@61832929]" name="CorrectUsername" duration-ms="2507" started-at="2020-11-28T13:07:38Z" data-provider="loginData" finished-at="2020-11-28T13:07:41Z">
          <params>
            <param index="0">
              <value>
                <![CDATA[Admin]]>
              </value>
            </param>
            <param index="1">
              <value>
                <![CDATA[admin123]]>
              </value>
            </param>
          </params>
          <reporter-output>
          </reporter-output>
        </test-method> <!-- CorrectUsername -->
        <test-method status="PASS" signature="CorrectUsername(java.lang.String, java.lang.String)[pri:1, instance:com.webdriveruniversity.index.LoginCases@61832929]" name="CorrectUsername" duration-ms="964" started-at="2020-11-28T13:07:41Z" data-provider="loginData" finished-at="2020-11-28T13:07:42Z">
          <params>
            <param index="0">
              <value>
                <![CDATA[Admin]]>
              </value>
            </param>
            <param index="1">
              <value>
                <![CDATA[Adminqwe]]>
              </value>
            </param>
          </params>
          <reporter-output>
          </reporter-output>
        </test-method> <!-- CorrectUsername -->
        <test-method status="PASS" signature="CorrectUsername(java.lang.String, java.lang.String)[pri:1, instance:com.webdriveruniversity.index.LoginCases@61832929]" name="CorrectUsername" duration-ms="1125" started-at="2020-11-28T13:07:42Z" data-provider="loginData" finished-at="2020-11-28T13:07:43Z">
          <params>
            <param index="0">
              <value>
                <![CDATA[asdf]]>
              </value>
            </param>
            <param index="1">
              <value>
                <![CDATA[admin123]]>
              </value>
            </param>
          </params>
          <reporter-output>
          </reporter-output>
        </test-method> <!-- CorrectUsername -->
        <test-method status="PASS" signature="CorrectUsername(java.lang.String, java.lang.String)[pri:1, instance:com.webdriveruniversity.index.LoginCases@61832929]" name="CorrectUsername" duration-ms="397" started-at="2020-11-28T13:07:43Z" data-provider="loginData" finished-at="2020-11-28T13:07:43Z">
          <params>
            <param index="0">
              <value>
                <![CDATA[asdf]]>
              </value>
            </param>
            <param index="1">
              <value>
                <![CDATA[zxcv]]>
              </value>
            </param>
          </params>
          <reporter-output>
          </reporter-output>
        </test-method> <!-- CorrectUsername -->
        <test-method status="PASS" signature="switchTab()[pri:2, instance:com.webdriveruniversity.index.LoginCases@61832929]" name="switchTab" duration-ms="148" started-at="2020-11-28T13:07:43Z" finished-at="2020-11-28T13:07:43Z">
          <reporter-output>
          </reporter-output>
        </test-method> <!-- switchTab -->
      </class> <!-- com.webdriveruniversity.index.LoginCases -->
    </test> <!-- Login cases -->
    <test name="Button cases" duration-ms="5789" started-at="2020-11-28T07:37:43Z" finished-at="2020-11-28T07:37:49Z">
      <class name="com.webdriveruniversity.index.ButtonsClick">
        <test-method status="PASS" signature="clickButton()[pri:0, instance:com.webdriveruniversity.index.ButtonsClick@4883b407]" name="clickButton" duration-ms="201" started-at="2020-11-28T13:07:43Z" finished-at="2020-11-28T13:07:44Z">
          <reporter-output>
          </reporter-output>
        </test-method> <!-- clickButton -->
        <test-method status="PASS" signature="buttonOperations()[pri:1, instance:com.webdriveruniversity.index.ButtonsClick@4883b407]" name="buttonOperations" duration-ms="5581" started-at="2020-11-28T13:07:44Z" finished-at="2020-11-28T13:07:49Z">
          <reporter-output>
          </reporter-output>
        </test-method> <!-- buttonOperations -->
      </class> <!-- com.webdriveruniversity.index.ButtonsClick -->
    </test> <!-- Button cases -->
    <test name="Contact US" duration-ms="6656" started-at="2020-11-28T07:37:49Z" finished-at="2020-11-28T07:37:56Z">
      <class name="com.webdriveruniversity.index.ContactUS">
        <test-method status="PASS" signature="clickContactUS()[pri:0, instance:com.webdriveruniversity.index.ContactUS@5442a311]" name="clickContactUS" duration-ms="229" started-at="2020-11-28T13:07:49Z" finished-at="2020-11-28T13:07:49Z">
          <reporter-output>
          </reporter-output>
        </test-method> <!-- clickContactUS -->
        <test-method status="PASS" signature="contactUsValues()[pri:1, instance:com.webdriveruniversity.index.ContactUS@5442a311]" name="contactUsValues" duration-ms="6421" started-at="2020-11-28T13:07:49Z" finished-at="2020-11-28T13:07:56Z">
          <reporter-output>
          </reporter-output>
        </test-method> <!-- contactUsValues -->
      </class> <!-- com.webdriveruniversity.index.ContactUS -->
    </test> <!-- Contact US -->
    <test name="To Do List" duration-ms="8576" started-at="2020-11-28T07:37:56Z" finished-at="2020-11-28T07:38:04Z">
      <class name="com.webdriveruniversity.index.ToDoList">
        <test-method status="PASS" signature="launchBrowser()[pri:0, instance:com.webdriveruniversity.index.ToDoList@4dfa3a9d]" name="launchBrowser" is-config="true" duration-ms="15301" started-at="2020-11-28T13:07:22Z" finished-at="2020-11-28T13:07:37Z">
          <reporter-output>
          </reporter-output>
        </test-method> <!-- launchBrowser -->
        <test-method status="PASS" signature="ClickToDoList()[pri:0, instance:com.webdriveruniversity.index.ToDoList@4dfa3a9d]" name="ClickToDoList" duration-ms="149" started-at="2020-11-28T13:07:56Z" finished-at="2020-11-28T13:07:56Z">
          <reporter-output>
          </reporter-output>
        </test-method> <!-- ClickToDoList -->
        <test-method status="PASS" signature="ToDoListOperations()[pri:1, instance:com.webdriveruniversity.index.ToDoList@4dfa3a9d]" name="ToDoListOperations" duration-ms="2287" started-at="2020-11-28T13:07:56Z" finished-at="2020-11-28T13:07:58Z">
          <reporter-output>
          </reporter-output>
        </test-method> <!-- ToDoListOperations -->
        <test-method status="SKIP" signature="addToDoList()[pri:2, instance:com.webdriveruniversity.index.ToDoList@4dfa3a9d]" name="addToDoList" duration-ms="5619" started-at="2020-11-28T13:07:58Z" finished-at="2020-11-28T13:08:04Z">
          <exception class="org.openqa.selenium.NoSuchElementException">
            <message>
              <![CDATA[no such element: Unable to locate element: {"method":"xpath","selector":"//*[@id='container']/ul/li[5]/span/i"}
  (Session info: chrome=86.0.4240.198)
For documentation on this error, please visit: https://www.seleniumhq.org/exceptions/no_such_element.html
Build info: version: '3.141.59', revision: 'e82be7d358', time: '2018-11-14T08:25:53'
System info: host: 'ISILBLRLT10151', ip: '192.168.43.68', os.name: 'Windows 10', os.arch: 'amd64', os.version: '10.0', java.version: '1.8.0_261'
Driver info: org.openqa.selenium.chrome.ChromeDriver
Capabilities {acceptInsecureCerts: false, browserName: chrome, browserVersion: 86.0.4240.198, chrome: {chromedriverVersion: 86.0.4240.22 (398b0743353ff..., userDataDir: C:\Users\INDIUM~1\AppData\L...}, goog:chromeOptions: {debuggerAddress: localhost:57971}, javascriptEnabled: true, networkConnectionEnabled: false, pageLoadStrategy: normal, platform: WINDOWS, platformName: WINDOWS, proxy: Proxy(), setWindowRect: true, strictFileInteractability: false, timeouts: {implicit: 0, pageLoad: 300000, script: 30000}, unhandledPromptBehavior: dismiss and notify, webauthn:virtualAuthenticators: true}
Session ID: 6d8f73d3edc3038ece7fafa7b147a21f
*** Element info: {Using=xpath, value=//*[@id='container']/ul/li[5]/span/i}]]>
            </message>
            <full-stacktrace>
              <![CDATA[org.openqa.selenium.NoSuchElementException: no such element: Unable to locate element: {"method":"xpath","selector":"//*[@id='container']/ul/li[5]/span/i"}
  (Session info: chrome=86.0.4240.198)
For documentation on this error, please visit: https://www.seleniumhq.org/exceptions/no_such_element.html
Build info: version: '3.141.59', revision: 'e82be7d358', time: '2018-11-14T08:25:53'
System info: host: 'ISILBLRLT10151', ip: '192.168.43.68', os.name: 'Windows 10', os.arch: 'amd64', os.version: '10.0', java.version: '1.8.0_261'
Driver info: org.openqa.selenium.chrome.ChromeDriver
Capabilities {acceptInsecureCerts: false, browserName: chrome, browserVersion: 86.0.4240.198, chrome: {chromedriverVersion: 86.0.4240.22 (398b0743353ff..., userDataDir: C:\Users\INDIUM~1\AppData\L...}, goog:chromeOptions: {debuggerAddress: localhost:57971}, javascriptEnabled: true, networkConnectionEnabled: false, pageLoadStrategy: normal, platform: WINDOWS, platformName: WINDOWS, proxy: Proxy(), setWindowRect: true, strictFileInteractability: false, timeouts: {implicit: 0, pageLoad: 300000, script: 30000}, unhandledPromptBehavior: dismiss and notify, webauthn:virtualAuthenticators: true}
Session ID: 6d8f73d3edc3038ece7fafa7b147a21f
*** Element info: {Using=xpath, value=//*[@id='container']/ul/li[5]/span/i}
	at sun.reflect.NativeConstructorAccessorImpl.newInstance0(Native Method)
	at sun.reflect.NativeConstructorAccessorImpl.newInstance(NativeConstructorAccessorImpl.java:62)
	at sun.reflect.DelegatingConstructorAccessorImpl.newInstance(DelegatingConstructorAccessorImpl.java:45)
	at java.lang.reflect.Constructor.newInstance(Constructor.java:423)
	at org.openqa.selenium.remote.http.W3CHttpResponseCodec.createException(W3CHttpResponseCodec.java:187)
	at org.openqa.selenium.remote.http.W3CHttpResponseCodec.decode(W3CHttpResponseCodec.java:122)
	at org.openqa.selenium.remote.http.W3CHttpResponseCodec.decode(W3CHttpResponseCodec.java:49)
	at org.openqa.selenium.remote.HttpCommandExecutor.execute(HttpCommandExecutor.java:158)
	at org.openqa.selenium.remote.service.DriverCommandExecutor.execute(DriverCommandExecutor.java:83)
	at org.openqa.selenium.remote.RemoteWebDriver.execute(RemoteWebDriver.java:552)
	at org.openqa.selenium.remote.RemoteWebDriver.findElement(RemoteWebDriver.java:323)
	at org.openqa.selenium.remote.RemoteWebDriver.findElementByXPath(RemoteWebDriver.java:428)
	at org.openqa.selenium.By$ByXPath.findElement(By.java:353)
	at org.openqa.selenium.remote.RemoteWebDriver.findElement(RemoteWebDriver.java:315)
	at com.webdriveruniversity.index.ToDoList.deleteList(ToDoList.java:44)
	at com.webdriveruniversity.index.ToDoList.addToDoList(ToDoList.java:64)
	at sun.reflect.NativeMethodAccessorImpl.invoke0(Native Method)
	at sun.reflect.NativeMethodAccessorImpl.invoke(NativeMethodAccessorImpl.java:62)
	at sun.reflect.DelegatingMethodAccessorImpl.invoke(DelegatingMethodAccessorImpl.java:43)
	at java.lang.reflect.Method.invoke(Method.java:498)
	at org.testng.internal.MethodInvocationHelper.invokeMethod(MethodInvocationHelper.java:100)
	at org.testng.internal.Invoker.invokeMethod(Invoker.java:646)
	at org.testng.internal.Invoker.invokeTestMethod(Invoker.java:811)
	at org.testng.internal.Invoker.invokeTestMethods(Invoker.java:1137)
	at org.testng.internal.TestMethodWorker.invokeTestMethods(TestMethodWorker.java:129)
	at org.testng.internal.TestMethodWorker.run(TestMethodWorker.java:112)
	at org.testng.TestRunner.privateRun(TestRunner.java:753)
	at org.testng.TestRunner.run(TestRunner.java:607)
	at org.testng.SuiteRunner.runTest(SuiteRunner.java:368)
	at org.testng.SuiteRunner.runSequentially(SuiteRunner.java:363)
	at org.testng.SuiteRunner.privateRun(SuiteRunner.java:321)
	at org.testng.SuiteRunner.run(SuiteRunner.java:270)
	at org.testng.SuiteRunnerWorker.runSuite(SuiteRunnerWorker.java:52)
	at org.testng.SuiteRunnerWorker.run(SuiteRunnerWorker.java:86)
	at org.testng.TestNG.runSuitesSequentially(TestNG.java:1284)
	at org.testng.TestNG.runSuitesLocally(TestNG.java:1209)
	at org.testng.TestNG.runSuites(TestNG.java:1124)
	at org.testng.TestNG.run(TestNG.java:1096)
	at org.testng.remote.AbstractRemoteTestNG.run(AbstractRemoteTestNG.java:132)
	at org.testng.remote.RemoteTestNG.initAndRun(RemoteTestNG.java:236)
	at org.testng.remote.RemoteTestNG.main(RemoteTestNG.java:81)
]]>
            </full-stacktrace>
          </exception> <!-- org.openqa.selenium.NoSuchElementException -->
          <reporter-output>
          </reporter-output>
        </test-method> <!-- addToDoList -->
        <test-method status="PASS" signature="addToDoList()[pri:2, instance:com.webdriveruniversity.index.ToDoList@4dfa3a9d]" name="addToDoList" duration-ms="511" started-at="2020-11-28T13:08:04Z" finished-at="2020-11-28T13:08:04Z">
          <reporter-output>
          </reporter-output>
        </test-method> <!-- addToDoList -->
      </class> <!-- com.webdriveruniversity.index.ToDoList -->
    </test> <!-- To Do List -->
  </suite> <!-- webdriveruniversity.com -->
</testng-results>
