<?xml version="1.0" encoding="UTF-8"?>
<testng-results skipped="0" failed="0" total="10" passed="10">
  <reporter-output>
  </reporter-output>
  <suite name="webdriveruniversity.com" duration-ms="13788" started-at="2020-11-19T16:14:05Z" finished-at="2020-11-19T16:14:19Z">
    <groups>
    </groups>
    <test name="Login cases" duration-ms="4805" started-at="2020-11-19T16:14:05Z" finished-at="2020-11-19T16:14:10Z">
      <class name="com.webdriveruniversity.index.LoginCases">
        <test-method status="PASS" signature="ClickLoginButton()[pri:0, instance:com.webdriveruniversity.index.LoginCases@61832929]" name="ClickLoginButton" duration-ms="184" started-at="2020-11-19T21:44:05Z" finished-at="2020-11-19T21:44:05Z">
          <reporter-output>
          </reporter-output>
        </test-method> <!-- ClickLoginButton -->
        <test-method status="PASS" signature="CorrectUsername(java.lang.String, java.lang.String)[pri:1, instance:com.webdriveruniversity.index.LoginCases@61832929]" name="CorrectUsername" duration-ms="2472" started-at="2020-11-19T21:44:06Z" data-provider="loginData" finished-at="2020-11-19T21:44:08Z">
          <params>
            <param index="0">
              <value>
                <![CDATA[Admin]]>
              </value>
            </param>
            <param index="1">
              <value>
                <![CDATA[admin123]]>
              </value>
            </param>
          </params>
          <reporter-output>
          </reporter-output>
        </test-method> <!-- CorrectUsername -->
        <test-method status="PASS" signature="CorrectUsername(java.lang.String, java.lang.String)[pri:1, instance:com.webdriveruniversity.index.LoginCases@61832929]" name="CorrectUsername" duration-ms="876" started-at="2020-11-19T21:44:08Z" data-provider="loginData" finished-at="2020-11-19T21:44:09Z">
          <params>
            <param index="0">
              <value>
                <![CDATA[Admin]]>
              </value>
            </param>
            <param index="1">
              <value>
                <![CDATA[Adminqwe]]>
              </value>
            </param>
          </params>
          <reporter-output>
          </reporter-output>
        </test-method> <!-- CorrectUsername -->
        <test-method status="PASS" signature="CorrectUsername(java.lang.String, java.lang.String)[pri:1, instance:com.webdriveruniversity.index.LoginCases@61832929]" name="CorrectUsername" duration-ms="544" started-at="2020-11-19T21:44:09Z" data-provider="loginData" finished-at="2020-11-19T21:44:09Z">
          <params>
            <param index="0">
              <value>
                <![CDATA[asdf]]>
              </value>
            </param>
            <param index="1">
              <value>
                <![CDATA[admin123]]>
              </value>
            </param>
          </params>
          <reporter-output>
          </reporter-output>
        </test-method> <!-- CorrectUsername -->
        <test-method status="PASS" signature="CorrectUsername(java.lang.String, java.lang.String)[pri:1, instance:com.webdriveruniversity.index.LoginCases@61832929]" name="CorrectUsername" duration-ms="373" started-at="2020-11-19T21:44:09Z" data-provider="loginData" finished-at="2020-11-19T21:44:10Z">
          <params>
            <param index="0">
              <value>
                <![CDATA[asdf]]>
              </value>
            </param>
            <param index="1">
              <value>
                <![CDATA[zxcv]]>
              </value>
            </param>
          </params>
          <reporter-output>
          </reporter-output>
        </test-method> <!-- CorrectUsername -->
        <test-method status="PASS" signature="switchTab()[pri:2, instance:com.webdriveruniversity.index.LoginCases@61832929]" name="switchTab" duration-ms="89" started-at="2020-11-19T21:44:10Z" finished-at="2020-11-19T21:44:10Z">
          <reporter-output>
          </reporter-output>
        </test-method> <!-- switchTab -->
      </class> <!-- com.webdriveruniversity.index.LoginCases -->
    </test> <!-- Login cases -->
    <test name="Button cases" duration-ms="5169" started-at="2020-11-19T16:14:10Z" finished-at="2020-11-19T16:14:15Z">
      <class name="com.webdriveruniversity.index.ButtonsClick">
        <test-method status="PASS" signature="clickButton()[pri:0, instance:com.webdriveruniversity.index.ButtonsClick@4883b407]" name="clickButton" duration-ms="199" started-at="2020-11-19T21:44:10Z" finished-at="2020-11-19T21:44:10Z">
          <reporter-output>
          </reporter-output>
        </test-method> <!-- clickButton -->
        <test-method status="PASS" signature="buttonOperations()[pri:1, instance:com.webdriveruniversity.index.ButtonsClick@4883b407]" name="buttonOperations" duration-ms="4965" started-at="2020-11-19T21:44:10Z" finished-at="2020-11-19T21:44:15Z">
          <reporter-output>
          </reporter-output>
        </test-method> <!-- buttonOperations -->
      </class> <!-- com.webdriveruniversity.index.ButtonsClick -->
    </test> <!-- Button cases -->
    <test name="Contact US" duration-ms="3692" started-at="2020-11-19T16:14:15Z" finished-at="2020-11-19T16:14:19Z">
      <class name="com.webdriveruniversity.index.ContactUS">
        <test-method status="PASS" signature="launchBrowser()[pri:0, instance:com.webdriveruniversity.index.ContactUS@5442a311]" name="launchBrowser" is-config="true" duration-ms="10933" started-at="2020-11-19T21:43:54Z" finished-at="2020-11-19T21:44:05Z">
          <reporter-output>
          </reporter-output>
        </test-method> <!-- launchBrowser -->
        <test-method status="PASS" signature="clickContactUS()[pri:0, instance:com.webdriveruniversity.index.ContactUS@5442a311]" name="clickContactUS" duration-ms="176" started-at="2020-11-19T21:44:15Z" finished-at="2020-11-19T21:44:15Z">
          <reporter-output>
          </reporter-output>
        </test-method> <!-- clickContactUS -->
        <test-method status="PASS" signature="contactUsValues()[pri:1, instance:com.webdriveruniversity.index.ContactUS@5442a311]" name="contactUsValues" duration-ms="3510" started-at="2020-11-19T21:44:15Z" finished-at="2020-11-19T21:44:19Z">
          <reporter-output>
          </reporter-output>
        </test-method> <!-- contactUsValues -->
      </class> <!-- com.webdriveruniversity.index.ContactUS -->
    </test> <!-- Contact US -->
  </suite> <!-- webdriveruniversity.com -->
</testng-results>
