<?xml version="1.0" encoding="UTF-8"?>
<!-- Generated by org.testng.reporters.JUnitXMLReporter -->
<testsuite hostname="ISILBLRLT10151" name="POM Operations" tests="3" failures="0" timestamp="5 Dec 2020 07:13:18 GMT" time="17.654" errors="0">
  <testcase name="POMactions" time="0.172" classname="com.webdriveruniversity.index.POM"/>
  <testcase name="FindOut" time="2.299" classname="com.webdriveruniversity.index.POM"/>
  <testcase name="OurProducts" time="15.174" classname="com.webdriveruniversity.index.POM"/>
</testsuite> <!-- POM Operations -->
