<?xml version="1.0" encoding="UTF-8"?>
<!-- Generated by org.testng.reporters.JUnitXMLReporter -->
<testsuite hostname="ISILBLRLT10151" name="To Do List" tests="4" failures="0" timestamp="28 Nov 2020 07:38:05 GMT" time="8.576" errors="0">
  <testcase name="ClickToDoList" time="0.149" classname="com.webdriveruniversity.index.ToDoList"/>
  <testcase name="ToDoListOperations" time="2.287" classname="com.webdriveruniversity.index.ToDoList"/>
  <testcase name="addToDoList" time="5.619" classname="com.webdriveruniversity.index.ToDoList">
    <skipped/>
  </testcase> <!-- addToDoList -->
  <testcase name="addToDoList" time="0.511" classname="com.webdriveruniversity.index.ToDoList"/>
</testsuite> <!-- To Do List -->
